<?xml version="1.0" encoding="UTF-8"?>
<testsuite xmlns:xsi="http://www.w3.org/2001/XMLSchema-instance" xsi:noNamespaceSchemaLocation="https://maven.apache.org/surefire/maven-surefire-plugin/xsd/surefire-test-report.xsd" name="TestPageHelper" time="2.954" tests="3" errors="0" skipped="0" failures="0">
  <properties>
[...]
</properties>
  <testcase name="testPageHeler" classname="TestPageHelper" time="2.716"/>
  <testcase name="testFastDFSClient" classname="TestPageHelper" time="0.133"/>
  <testcase name="testUpLoad" classname="TestPageHelper" time="0.006"/>
</testsuite>